[30.06.2015 - 21:26:52][NOTICE] - /pi/
[30.06.2015 - 21:26:52][NOTICE] - match: / with /
[30.06.2015 - 21:26:53][NOTICE] - /pi/app/assets/bootstrap/font-awesome/fonts/fontawesome-webfont.woff?v=4.2.0
[30.06.2015 - 21:26:53][!!ERROR!!] - URL NOT FOUND: /pi/app/assets/bootstrap/font-awesome/fonts/fontawesome-webfont.woff?v=4.2.0
[30.06.2015 - 21:26:53][NOTICE] - /pi/
[30.06.2015 - 21:26:53][NOTICE] - match: / with /
[30.06.2015 - 21:26:53][NOTICE] - /pi/app/assets/bootstrap/font-awesome/fonts/fontawesome-webfont.ttf?v=4.2.0
[30.06.2015 - 21:26:53][!!ERROR!!] - URL NOT FOUND: /pi/app/assets/bootstrap/font-awesome/fonts/fontawesome-webfont.ttf?v=4.2.0
[30.06.2015 - 21:26:53][NOTICE] - /pi/
[30.06.2015 - 21:26:53][NOTICE] - match: / with /
[30.06.2015 - 21:47:00][NOTICE] - /pi/
[30.06.2015 - 21:47:00][NOTICE] - match: / with /
[30.06.2015 - 21:47:00][NOTICE] - /pi/app/assets/bootstrap/font-awesome/fonts/fontawesome-webfont.woff?v=4.2.0
[30.06.2015 - 21:47:00][!!ERROR!!] - URL NOT FOUND: /pi/app/assets/bootstrap/font-awesome/fonts/fontawesome-webfont.woff?v=4.2.0
[30.06.2015 - 21:47:00][NOTICE] - /pi/
[30.06.2015 - 21:47:00][NOTICE] - match: / with /
[30.06.2015 - 21:47:00][NOTICE] - /pi/app/assets/bootstrap/font-awesome/fonts/fontawesome-webfont.ttf?v=4.2.0
[30.06.2015 - 21:47:00][!!ERROR!!] - URL NOT FOUND: /pi/app/assets/bootstrap/font-awesome/fonts/fontawesome-webfont.ttf?v=4.2.0
[30.06.2015 - 21:47:00][NOTICE] - /pi/
[30.06.2015 - 21:47:00][NOTICE] - match: / with /
